<?xml version="1.0" encoding="UTF-8"?>
<Site BuildName="(empty)"
	BuildStamp="20240617-0826-Experimental"
	Name="nzxt"
	Generator="ctest-3.22.1"
	CompilerName="/usr/bin/c++"
	CompilerVersion="11.4.0"
	OSName="Linux"
	Hostname="nzxt"
	OSRelease="6.5.0-35-generic"
	OSVersion="#35~22.04.1-Ubuntu SMP PREEMPT_DYNAMIC Tue May  7 09:00:52 UTC 2"
	OSPlatform="x86_64"
	Is64Bits="1"
	VendorString="AuthenticAMD"
	VendorID="Advanced Micro Devices"
	FamilyID="23"
	ModelID="113"
	ProcessorCacheSize="512"
	NumberOfLogicalCPU="24"
	NumberOfPhysicalCPU="12"
	TotalVirtualMemory="30517"
	TotalPhysicalMemory="64197"
	LogicalProcessorsPerPhysical="2"
	ProcessorClockFrequency="4113.33"
	>
	<Testing>
		<StartDateTime>Jun 17 12:12 CEST</StartDateTime>
		<StartTestTime>1718619167</StartTestTime>
		<TestList/>
		<EndDateTime>Jun 17 12:12 CEST</EndDateTime>
		<EndTestTime>1718619167</EndTestTime>
		<ElapsedMinutes>0</ElapsedMinutes>
	</Testing>
</Site>
