<?xml version="1.0" encoding="UTF-8"?>
<Site BuildName="(empty)"
	BuildStamp="20240828-0745-Experimental"
	Name="nzxt"
	Generator="ctest-3.22.1"
	CompilerName="/usr/bin/c++"
	CompilerVersion="11.4.0"
	OSName="Linux"
	Hostname="nzxt"
	OSRelease="6.5.0-45-generic"
	OSVersion="#45~22.04.1-Ubuntu SMP PREEMPT_DYNAMIC Mon Jul 15 16:40:02 UTC 2"
	OSPlatform="x86_64"
	Is64Bits="1"
	VendorString="AuthenticAMD"
	VendorID="Advanced Micro Devices"
	FamilyID="23"
	ModelID="113"
	ProcessorCacheSize="512"
	NumberOfLogicalCPU="24"
	NumberOfPhysicalCPU="12"
	TotalVirtualMemory="30517"
	TotalPhysicalMemory="64197"
	LogicalProcessorsPerPhysical="2"
	ProcessorClockFrequency="4016.56"
	>
	<Testing>
		<StartDateTime>Aug 28 15:10 CEST</StartDateTime>
		<StartTestTime>1724850650</StartTestTime>
		<TestList/>
		<EndDateTime>Aug 28 15:10 CEST</EndDateTime>
		<EndTestTime>1724850650</EndTestTime>
		<ElapsedMinutes>0</ElapsedMinutes>
	</Testing>
</Site>
